2024-07-09 10:23:44,692 - __main__ - INFO - Training logger initialized
2024-07-09 10:29:21,838 - __main__ - INFO - Training logger initialized
2024-07-09 10:29:21,838 - __main__ - INFO - Training logger initialized
2024-07-09 10:29:21,914 - __main__ - INFO - Model training process started
2024-07-09 10:29:21,914 - __main__ - INFO - Model training process started
2024-07-09 10:29:21,915 - __main__ - INFO - Data shape: (3696, 4)
2024-07-09 10:29:21,915 - __main__ - INFO - Data shape: (3696, 4)
2024-07-09 10:29:21,929 - __main__ - INFO - Encoding completed
2024-07-09 10:29:21,929 - __main__ - INFO - Encoding completed
2024-07-09 10:29:21,951 - __main__ - INFO - Training data shape: (2956, 3762)
2024-07-09 10:29:21,951 - __main__ - INFO - Training data shape: (2956, 3762)
2024-07-09 10:29:21,951 - __main__ - INFO - Testing data shape: (740, 3762)
2024-07-09 10:29:21,951 - __main__ - INFO - Testing data shape: (740, 3762)
2024-07-09 10:29:21,951 - __main__ - INFO - Linear regression model initialized
2024-07-09 10:29:21,951 - __main__ - INFO - Linear regression model initialized
2024-07-09 10:30:08,332 - __main__ - INFO - Model training completed
2024-07-09 10:30:08,332 - __main__ - INFO - Model training completed
2024-07-09 10:30:08,348 - __main__ - INFO - Starting model metrics calculation
2024-07-09 10:30:08,348 - __main__ - INFO - Starting model metrics calculation
2024-07-09 10:30:08,349 - __main__ - INFO - Encoding categorical data in x_test and y_test
2024-07-09 10:30:08,349 - __main__ - INFO - Encoding categorical data in x_test and y_test
2024-07-09 10:30:08,386 - __main__ - INFO - Making predictions on the test set
2024-07-09 10:30:08,386 - __main__ - INFO - Making predictions on the test set
2024-07-09 17:45:59,075 - __main__ - INFO - Training logger initialized
2024-07-09 17:46:01,633 - __main__ - INFO - Model training process started
2024-07-09 17:46:01,634 - __main__ - INFO - Data shape: (3696, 4)
2024-07-09 17:46:01,657 - __main__ - INFO - Encoding completed
2024-07-09 17:46:01,701 - __main__ - INFO - Training data shape: (2956, 3762)
2024-07-09 17:46:01,701 - __main__ - INFO - Testing data shape: (740, 3762)
2024-07-09 17:46:01,701 - __main__ - INFO - Linear regression model initialized
2024-07-09 17:47:07,839 - __main__ - INFO - Model training completed
2024-07-09 17:47:07,960 - __main__ - INFO - Starting model metrics calculation
2024-07-09 17:47:07,960 - __main__ - INFO - Encoding categorical data in x_test and y_test
2024-07-09 17:47:07,964 - __main__ - INFO - Making predictions on the test set
2024-07-09 17:54:34,167 - __main__ - INFO - Training logger initialized
2024-07-09 17:54:34,167 - __main__ - INFO - Training logger initialized
2024-07-10 07:53:26,458 - __main__ - INFO - Training logger initialized
2024-07-10 07:53:26,458 - __main__ - INFO - Training logger initialized
2024-07-10 07:53:26,458 - __main__ - INFO - Training logger initialized
2024-07-10 08:09:01,891 - __main__ - INFO - Training logger initialized
2024-07-10 08:09:01,891 - __main__ - INFO - Training logger initialized
2024-07-10 08:09:01,891 - __main__ - INFO - Training logger initialized
2024-07-10 08:09:01,891 - __main__ - INFO - Training logger initialized
2024-07-10 08:09:02,023 - __main__ - INFO - Linear regression model training completed
2024-07-10 08:09:02,023 - __main__ - INFO - Linear regression model training completed
2024-07-10 08:09:02,023 - __main__ - INFO - Linear regression model training completed
2024-07-10 08:09:02,023 - __main__ - INFO - Linear regression model training completed
2024-07-10 08:09:02,057 - __main__ - INFO - Starting model metrics calculation
2024-07-10 08:09:02,057 - __main__ - INFO - Starting model metrics calculation
2024-07-10 08:09:02,057 - __main__ - INFO - Starting model metrics calculation
2024-07-10 08:09:02,057 - __main__ - INFO - Starting model metrics calculation
2024-07-10 08:09:02,058 - __main__ - INFO - Encoding categorical data in x_test and y_test
2024-07-10 08:09:02,058 - __main__ - INFO - Encoding categorical data in x_test and y_test
2024-07-10 08:09:02,058 - __main__ - INFO - Encoding categorical data in x_test and y_test
2024-07-10 08:09:02,058 - __main__ - INFO - Encoding categorical data in x_test and y_test
2024-07-10 08:09:02,063 - __main__ - INFO - Making predictions on the test set
2024-07-10 08:09:02,063 - __main__ - INFO - Making predictions on the test set
2024-07-10 08:09:02,063 - __main__ - INFO - Making predictions on the test set
2024-07-10 08:09:02,063 - __main__ - INFO - Making predictions on the test set
2024-07-10 08:09:25,477 - __main__ - INFO - Linear regression model training completed
2024-07-10 08:09:25,477 - __main__ - INFO - Linear regression model training completed
2024-07-10 08:09:25,477 - __main__ - INFO - Linear regression model training completed
2024-07-10 08:09:25,477 - __main__ - INFO - Linear regression model training completed
2024-07-10 08:09:26,558 - __main__ - INFO - Starting model metrics calculation
2024-07-10 08:09:26,558 - __main__ - INFO - Starting model metrics calculation
2024-07-10 08:09:26,558 - __main__ - INFO - Starting model metrics calculation
2024-07-10 08:09:26,558 - __main__ - INFO - Starting model metrics calculation
2024-07-10 08:09:26,558 - __main__ - INFO - Encoding categorical data in x_test and y_test
2024-07-10 08:09:26,558 - __main__ - INFO - Encoding categorical data in x_test and y_test
2024-07-10 08:09:26,558 - __main__ - INFO - Encoding categorical data in x_test and y_test
2024-07-10 08:09:26,558 - __main__ - INFO - Encoding categorical data in x_test and y_test
2024-07-10 08:09:26,560 - __main__ - INFO - Making predictions on the test set
2024-07-10 08:09:26,560 - __main__ - INFO - Making predictions on the test set
2024-07-10 08:09:26,560 - __main__ - INFO - Making predictions on the test set
2024-07-10 08:09:26,560 - __main__ - INFO - Making predictions on the test set
2024-07-10 08:10:41,724 - __main__ - INFO - Starting model metrics calculation
2024-07-10 08:10:41,724 - __main__ - INFO - Starting model metrics calculation
2024-07-10 08:10:41,724 - __main__ - INFO - Starting model metrics calculation
2024-07-10 08:10:41,724 - __main__ - INFO - Starting model metrics calculation
2024-07-10 08:10:41,725 - __main__ - INFO - Making predictions on the test set
2024-07-10 08:10:41,725 - __main__ - INFO - Making predictions on the test set
2024-07-10 08:10:41,725 - __main__ - INFO - Making predictions on the test set
2024-07-10 08:10:41,725 - __main__ - INFO - Making predictions on the test set
2024-07-10 08:30:47,804 - __main__ - INFO - Training logger initialized
2024-07-10 08:30:47,804 - __main__ - INFO - Training logger initialized
2024-07-10 08:30:47,804 - __main__ - INFO - Training logger initialized
2024-07-10 08:30:47,804 - __main__ - INFO - Training logger initialized
2024-07-10 08:30:47,804 - __main__ - INFO - Training logger initialized
2024-07-10 08:30:47,919 - __main__ - INFO - Linear regression model training completed
2024-07-10 08:30:47,919 - __main__ - INFO - Linear regression model training completed
2024-07-10 08:30:47,919 - __main__ - INFO - Linear regression model training completed
2024-07-10 08:30:47,919 - __main__ - INFO - Linear regression model training completed
2024-07-10 08:30:47,919 - __main__ - INFO - Linear regression model training completed
2024-07-10 08:30:47,991 - __main__ - INFO - Starting model metrics calculation
2024-07-10 08:30:47,991 - __main__ - INFO - Starting model metrics calculation
2024-07-10 08:30:47,991 - __main__ - INFO - Starting model metrics calculation
2024-07-10 08:30:47,991 - __main__ - INFO - Starting model metrics calculation
2024-07-10 08:30:47,991 - __main__ - INFO - Starting model metrics calculation
2024-07-10 08:30:47,995 - __main__ - INFO - Making predictions on the test set
2024-07-10 08:30:47,995 - __main__ - INFO - Making predictions on the test set
2024-07-10 08:30:47,995 - __main__ - INFO - Making predictions on the test set
2024-07-10 08:30:47,995 - __main__ - INFO - Making predictions on the test set
2024-07-10 08:30:47,995 - __main__ - INFO - Making predictions on the test set
2024-07-10 08:39:34,249 - __main__ - INFO - Linear regression model training completed
2024-07-10 08:39:34,249 - __main__ - INFO - Linear regression model training completed
2024-07-10 08:39:34,249 - __main__ - INFO - Linear regression model training completed
2024-07-10 08:39:34,249 - __main__ - INFO - Linear regression model training completed
2024-07-10 08:39:34,249 - __main__ - INFO - Linear regression model training completed
2024-07-10 08:39:34,918 - __main__ - INFO - Starting model metrics calculation
2024-07-10 08:39:34,918 - __main__ - INFO - Starting model metrics calculation
2024-07-10 08:39:34,918 - __main__ - INFO - Starting model metrics calculation
2024-07-10 08:39:34,918 - __main__ - INFO - Starting model metrics calculation
2024-07-10 08:39:34,918 - __main__ - INFO - Starting model metrics calculation
2024-07-10 08:39:34,918 - __main__ - INFO - Making predictions on the test set
2024-07-10 08:39:34,918 - __main__ - INFO - Making predictions on the test set
2024-07-10 08:39:34,918 - __main__ - INFO - Making predictions on the test set
2024-07-10 08:39:34,918 - __main__ - INFO - Making predictions on the test set
2024-07-10 08:39:34,918 - __main__ - INFO - Making predictions on the test set
2024-07-10 08:39:51,720 - __main__ - INFO - Training logger initialized
2024-07-10 08:39:51,720 - __main__ - INFO - Training logger initialized
2024-07-10 08:39:51,720 - __main__ - INFO - Training logger initialized
2024-07-10 08:39:51,720 - __main__ - INFO - Training logger initialized
2024-07-10 08:39:51,720 - __main__ - INFO - Training logger initialized
2024-07-10 08:39:51,720 - __main__ - INFO - Training logger initialized
2024-07-10 08:39:51,878 - __main__ - INFO - Linear regression model training completed
2024-07-10 08:39:51,878 - __main__ - INFO - Linear regression model training completed
2024-07-10 08:39:51,878 - __main__ - INFO - Linear regression model training completed
2024-07-10 08:39:51,878 - __main__ - INFO - Linear regression model training completed
2024-07-10 08:39:51,878 - __main__ - INFO - Linear regression model training completed
2024-07-10 08:39:51,878 - __main__ - INFO - Linear regression model training completed
2024-07-10 08:39:51,926 - __main__ - INFO - Starting model metrics calculation
2024-07-10 08:39:51,926 - __main__ - INFO - Starting model metrics calculation
2024-07-10 08:39:51,926 - __main__ - INFO - Starting model metrics calculation
2024-07-10 08:39:51,926 - __main__ - INFO - Starting model metrics calculation
2024-07-10 08:39:51,926 - __main__ - INFO - Starting model metrics calculation
2024-07-10 08:39:51,926 - __main__ - INFO - Starting model metrics calculation
2024-07-10 08:39:51,926 - __main__ - INFO - Making predictions on the test set
2024-07-10 08:39:51,926 - __main__ - INFO - Making predictions on the test set
2024-07-10 08:39:51,926 - __main__ - INFO - Making predictions on the test set
2024-07-10 08:39:51,926 - __main__ - INFO - Making predictions on the test set
2024-07-10 08:39:51,926 - __main__ - INFO - Making predictions on the test set
2024-07-10 08:39:51,926 - __main__ - INFO - Making predictions on the test set
2024-07-12 17:24:57,569 - __main__ - INFO - Training logger initialized
2024-07-13 07:47:22,469 - __main__ - INFO - Training logger initialized
2024-07-13 08:01:45,558 - __main__ - INFO - Starting model metrics calculation
2024-07-13 08:01:45,559 - __main__ - INFO - Making predictions on the test set
2024-07-13 08:01:45,595 - __main__ - INFO - Calculating metrics on encoded data
2024-07-13 08:01:45,602 - __main__ - INFO - Printing model metrics
2024-07-13 08:01:45,606 - __main__ - INFO - Model metrics calculation completed
2024-07-13 08:07:02,672 - __main__ - INFO - Starting model metrics calculation
2024-07-13 08:07:02,672 - __main__ - INFO - Making predictions on the test set
2024-07-13 08:07:02,709 - __main__ - INFO - Calculating metrics on encoded data
2024-07-13 08:07:02,712 - __main__ - INFO - Printing model metrics
2024-07-13 08:07:02,728 - __main__ - INFO - Model metrics calculation completed
2024-07-13 08:13:15,411 - __main__ - INFO - Training logger initialized
2024-07-13 08:13:15,411 - __main__ - INFO - Training logger initialized
2024-07-13 08:13:15,552 - __main__ - INFO - Linear regression model training completed
2024-07-13 08:13:15,552 - __main__ - INFO - Linear regression model training completed
2024-07-13 08:13:15,552 - __main__ - INFO - Starting model metrics calculation
2024-07-13 08:13:15,552 - __main__ - INFO - Starting model metrics calculation
2024-07-13 08:13:15,552 - __main__ - INFO - Making predictions on the test set
2024-07-13 08:13:15,552 - __main__ - INFO - Making predictions on the test set
2024-07-13 08:13:15,571 - __main__ - INFO - Calculating metrics on encoded data
2024-07-13 08:13:15,571 - __main__ - INFO - Calculating metrics on encoded data
2024-07-13 08:13:15,575 - __main__ - INFO - Printing model metrics
2024-07-13 08:13:15,575 - __main__ - INFO - Printing model metrics
2024-07-13 08:13:15,599 - __main__ - INFO - Model metrics calculation completed
2024-07-13 08:13:15,599 - __main__ - INFO - Model metrics calculation completed
2024-07-13 08:13:15,848 - __main__ - INFO - Linear regression model training completed
2024-07-13 08:13:15,848 - __main__ - INFO - Linear regression model training completed
2024-07-13 08:13:15,849 - __main__ - INFO - Starting model metrics calculation
2024-07-13 08:13:15,849 - __main__ - INFO - Starting model metrics calculation
2024-07-13 08:13:15,849 - __main__ - INFO - Making predictions on the test set
2024-07-13 08:13:15,849 - __main__ - INFO - Making predictions on the test set
2024-07-13 08:13:15,875 - __main__ - INFO - Calculating metrics on encoded data
2024-07-13 08:13:15,875 - __main__ - INFO - Calculating metrics on encoded data
2024-07-13 08:13:15,877 - __main__ - INFO - Printing model metrics
2024-07-13 08:13:15,877 - __main__ - INFO - Printing model metrics
2024-07-13 08:13:15,878 - __main__ - INFO - Model metrics calculation completed
2024-07-13 08:13:15,878 - __main__ - INFO - Model metrics calculation completed
2024-07-13 08:14:04,773 - __main__ - INFO - Starting model metrics calculation
2024-07-13 08:14:04,773 - __main__ - INFO - Starting model metrics calculation
2024-07-13 08:14:04,774 - __main__ - INFO - Making predictions on the test set
2024-07-13 08:14:04,774 - __main__ - INFO - Making predictions on the test set
2024-07-13 08:14:04,787 - __main__ - INFO - Calculating metrics on encoded data
2024-07-13 08:14:04,787 - __main__ - INFO - Calculating metrics on encoded data
2024-07-13 08:14:04,792 - __main__ - INFO - Printing model metrics
2024-07-13 08:14:04,792 - __main__ - INFO - Printing model metrics
2024-07-13 08:14:04,798 - __main__ - INFO - Model metrics calculation completed
2024-07-13 08:14:04,798 - __main__ - INFO - Model metrics calculation completed
2024-07-13 08:37:00,935 - __main__ - INFO - Starting model metrics calculation
2024-07-13 08:37:00,935 - __main__ - INFO - Starting model metrics calculation
2024-07-13 08:37:00,936 - __main__ - INFO - Making predictions on the test set
2024-07-13 08:37:00,936 - __main__ - INFO - Making predictions on the test set
2024-07-13 08:37:00,938 - __main__ - INFO - Calculating metrics on encoded data
2024-07-13 08:37:00,938 - __main__ - INFO - Calculating metrics on encoded data
2024-07-13 08:37:00,940 - __main__ - INFO - Printing model metrics
2024-07-13 08:37:00,940 - __main__ - INFO - Printing model metrics
2024-07-13 08:37:00,945 - __main__ - INFO - Model metrics calculation completed
2024-07-13 08:37:00,945 - __main__ - INFO - Model metrics calculation completed
2024-07-13 08:37:00,946 - __main__ - INFO - Starting model metrics calculation
2024-07-13 08:37:00,946 - __main__ - INFO - Starting model metrics calculation
2024-07-13 08:37:00,946 - __main__ - INFO - Making predictions on the test set
2024-07-13 08:37:00,946 - __main__ - INFO - Making predictions on the test set
2024-07-13 08:37:00,955 - __main__ - INFO - Calculating metrics on encoded data
2024-07-13 08:37:00,955 - __main__ - INFO - Calculating metrics on encoded data
2024-07-13 08:37:00,958 - __main__ - INFO - Printing model metrics
2024-07-13 08:37:00,958 - __main__ - INFO - Printing model metrics
2024-07-13 08:37:00,958 - __main__ - INFO - Model metrics calculation completed
2024-07-13 08:37:00,958 - __main__ - INFO - Model metrics calculation completed
2024-07-13 08:37:00,959 - __main__ - INFO - Starting model metrics calculation
2024-07-13 08:37:00,959 - __main__ - INFO - Starting model metrics calculation
2024-07-13 08:37:00,959 - __main__ - INFO - Making predictions on the test set
2024-07-13 08:37:00,959 - __main__ - INFO - Making predictions on the test set
2024-07-13 08:37:00,974 - __main__ - INFO - Calculating metrics on encoded data
2024-07-13 08:37:00,974 - __main__ - INFO - Calculating metrics on encoded data
2024-07-13 08:37:00,976 - __main__ - INFO - Printing model metrics
2024-07-13 08:37:00,976 - __main__ - INFO - Printing model metrics
2024-07-13 08:37:00,976 - __main__ - INFO - Model metrics calculation completed
2024-07-13 08:37:00,976 - __main__ - INFO - Model metrics calculation completed
2024-07-13 08:37:34,445 - __main__ - INFO - Starting model metrics calculation
2024-07-13 08:37:34,445 - __main__ - INFO - Starting model metrics calculation
2024-07-13 08:37:34,445 - __main__ - INFO - Making predictions on the test set
2024-07-13 08:37:34,445 - __main__ - INFO - Making predictions on the test set
2024-07-13 08:37:34,453 - __main__ - INFO - Calculating metrics on encoded data
2024-07-13 08:37:34,453 - __main__ - INFO - Calculating metrics on encoded data
2024-07-13 08:37:34,454 - __main__ - INFO - Printing model metrics
2024-07-13 08:37:34,454 - __main__ - INFO - Printing model metrics
2024-07-13 08:37:34,455 - __main__ - INFO - Model metrics calculation completed
2024-07-13 08:37:34,455 - __main__ - INFO - Model metrics calculation completed
2024-07-13 08:37:34,456 - __main__ - INFO - Starting model metrics calculation
2024-07-13 08:37:34,456 - __main__ - INFO - Starting model metrics calculation
2024-07-13 08:37:34,456 - __main__ - INFO - Making predictions on the test set
2024-07-13 08:37:34,456 - __main__ - INFO - Making predictions on the test set
2024-07-13 08:37:34,460 - __main__ - INFO - Calculating metrics on encoded data
2024-07-13 08:37:34,460 - __main__ - INFO - Calculating metrics on encoded data
2024-07-13 08:37:34,462 - __main__ - INFO - Printing model metrics
2024-07-13 08:37:34,462 - __main__ - INFO - Printing model metrics
2024-07-13 08:37:34,462 - __main__ - INFO - Model metrics calculation completed
2024-07-13 08:37:34,462 - __main__ - INFO - Model metrics calculation completed
2024-07-13 08:37:34,464 - __main__ - INFO - Starting model metrics calculation
2024-07-13 08:37:34,464 - __main__ - INFO - Starting model metrics calculation
2024-07-13 08:37:34,464 - __main__ - INFO - Making predictions on the test set
2024-07-13 08:37:34,464 - __main__ - INFO - Making predictions on the test set
2024-07-13 08:37:34,467 - __main__ - INFO - Calculating metrics on encoded data
2024-07-13 08:37:34,467 - __main__ - INFO - Calculating metrics on encoded data
2024-07-13 08:37:34,468 - __main__ - INFO - Printing model metrics
2024-07-13 08:37:34,468 - __main__ - INFO - Printing model metrics
2024-07-13 08:37:34,468 - __main__ - INFO - Model metrics calculation completed
2024-07-13 08:37:34,468 - __main__ - INFO - Model metrics calculation completed
